12:47:31.056 [main] INFO  - Goto my account-->Click on Login.. 
12:47:31.520 [main] INFO  - Entering email and password.. 
12:47:32.129 [main] INFO  - clicked on login button...
12:48:55.804 [main] INFO  - Goto my account-->Click on Login.. 
12:48:56.218 [main] INFO  - Entering email and password.. 
12:48:56.757 [main] INFO  - clicked on login button...
12:49:57.322 [main] INFO  - Goto my account-->Click on Login.. 
12:49:57.750 [main] INFO  - Entering email and password.. 
12:49:58.512 [main] INFO  - clicked on login button...
12:55:37.403 [main] INFO  - Goto my account-->Click on Login.. 
12:55:37.809 [main] INFO  - Entering email and password.. 
12:55:38.631 [main] INFO  - clicked on login button...
13:20:30.254 [main] INFO  - Goto my account-->Click on Login.. 
13:20:30.737 [main] DEBUG - Parsing relationship: /xl/_rels/workbook.xml.rels
13:20:30.739 [main] DEBUG - Parsing relationship: /xl/worksheets/_rels/sheet1.xml.rels
13:20:30.741 [main] DEBUG - Parsing relationship: /_rels/.rels
13:20:30.932 [main] TRACE - Loading type system org.apache.poi.schemas.ooxml.system.ooxml
13:20:30.935 [main] TRACE - Loading type system org.apache.xmlbeans.metadata.system.sXMLCONFIG
13:20:30.936 [main] TRACE - Loading type system org.apache.xmlbeans.metadata.system.sXMLLANG
13:20:30.938 [main] TRACE - Loading type system org.apache.xmlbeans.metadata.system.sXMLSCHEMA
13:20:30.938 [main] TRACE - Loading type system org.apache.xmlbeans.metadata.system.sXMLTOOLS
13:20:30.941 [main] TRACE - Reading unresolved handles for type system org.apache.xmlbeans.metadata.system.sXMLTOOLS
13:20:30.956 [main] TRACE - Finished loading type system org.apache.xmlbeans.metadata.system.sXMLTOOLS
13:20:30.958 [main] TRACE - Reading unresolved handles for type system org.apache.xmlbeans.metadata.system.sXMLSCHEMA
13:20:30.971 [main] TRACE - Finished loading type system org.apache.xmlbeans.metadata.system.sXMLSCHEMA
13:20:30.973 [main] TRACE - Reading unresolved handles for type system org.apache.xmlbeans.metadata.system.sXMLLANG
13:20:30.975 [main] TRACE - Finished loading type system org.apache.xmlbeans.metadata.system.sXMLLANG
13:20:30.976 [main] TRACE - Reading unresolved handles for type system org.apache.xmlbeans.metadata.system.sXMLCONFIG
13:20:30.977 [main] TRACE - Finished loading type system org.apache.xmlbeans.metadata.system.sXMLCONFIG
13:20:30.977 [main] TRACE - Reading unresolved handles for type system org.apache.poi.schemas.ooxml.system.ooxml
13:20:31.032 [main] TRACE - Finished loading type system org.apache.poi.schemas.ooxml.system.ooxml
13:20:31.033 [main] TRACE - Resolving type for handle themefd26doctype
13:20:31.086 [main] TRACE - Resolving type for handle stylesheet5d8bdoctype
13:20:31.090 [main] TRACE - Resolving type for handle ctstylesheet4257type
13:20:31.095 [main] TRACE - Resolving type for handle ctfonts6623type
13:20:31.099 [main] TRACE - Resolving type for handle ctfont14d8type
13:20:31.103 [main] TRACE - Resolving type for handle ctfills2c6ftype
13:20:31.106 [main] TRACE - Resolving type for handle ctfill550ctype
13:20:31.107 [main] TRACE - Resolving type for handle ctborders0d66type
13:20:31.111 [main] TRACE - Resolving type for handle ctborderf935type
13:20:31.113 [main] TRACE - Resolving type for handle ctcellxfs1322type
13:20:31.116 [main] TRACE - Resolving type for handle ctxf97f7type
13:20:31.119 [main] TRACE - Resolving type for handle ctcellstylexfsa81ftype
13:20:31.120 [main] TRACE - Resolving type for handle ctdxfsb26atype
13:20:31.122 [main] TRACE - Resolving type for handle cttablestyles872ftype
13:20:31.126 [main] TRACE - Resolving type for handle sstf81fdoctype
13:20:31.129 [main] TRACE - Resolving type for handle ctsst44f3type
13:20:31.135 [main] TRACE - Resolving type for handle ctrsta472type
13:20:31.154 [main] DEBUG - using default POIXMLDocumentPart for http://schemas.openxmlformats.org/officeDocument/2006/relationships/printerSettings
13:20:31.155 [main] TRACE - Resolving type for handle workbookec17doctype
13:20:31.159 [main] TRACE - Resolving type for handle ctworkbook83c3type
13:20:31.173 [main] TRACE - Resolving type for handle ctsheets49fdtype
13:20:31.176 [main] TRACE - Resolving type for handle ctsheet4dbetype
13:20:31.178 [main] TRACE - Resolving type for handle strelationshipid1e94type
13:20:31.181 [main] TRACE - Resolving type for handle worksheetf539doctype
13:20:31.186 [main] TRACE - Resolving type for handle ctworksheet530dtype
13:20:31.193 [main] TRACE - Resolving type for handle ctsheetdata8408type
13:20:31.196 [main] TRACE - Resolving type for handle ctrowdd39type
13:20:31.200 [main] TRACE - Resolving type for handle ctcell842btype
13:20:31.205 [main] TRACE - Resolving type for handle stcellrefe4e0type
13:20:31.213 [main] TRACE - Resolving type for handle ctcols627ctype
13:20:31.219 [main] TRACE - Resolving type for handle ctcola95ftype
13:20:31.235 [main] TRACE - Resolving type for handle cthyperlinks6416type
13:20:31.237 [main] TRACE - Resolving type for handle cthyperlink0c85type
13:20:31.242 [main] TRACE - Resolving type for handle stxstringf179type
13:20:31.244 [main] TRACE - Resolving type for handle stcelltypebf95type
13:20:35.048 [main] INFO  - Goto my account-->Click on Login.. 
13:20:35.778 [main] DEBUG - Parsing relationship: /xl/_rels/workbook.xml.rels
13:20:35.780 [main] DEBUG - Parsing relationship: /xl/worksheets/_rels/sheet1.xml.rels
13:20:35.784 [main] DEBUG - Parsing relationship: /_rels/.rels
13:20:35.806 [main] DEBUG - using default POIXMLDocumentPart for http://schemas.openxmlformats.org/officeDocument/2006/relationships/printerSettings
13:20:39.556 [main] INFO  - Goto my account-->Click on Login.. 
13:20:40.207 [main] DEBUG - Parsing relationship: /xl/_rels/workbook.xml.rels
13:20:40.209 [main] DEBUG - Parsing relationship: /xl/worksheets/_rels/sheet1.xml.rels
13:20:40.210 [main] DEBUG - Parsing relationship: /_rels/.rels
13:20:40.235 [main] DEBUG - using default POIXMLDocumentPart for http://schemas.openxmlformats.org/officeDocument/2006/relationships/printerSettings
13:20:44.094 [main] INFO  - Goto my account-->Click on Login.. 
13:20:44.731 [main] DEBUG - Parsing relationship: /xl/_rels/workbook.xml.rels
13:20:44.733 [main] DEBUG - Parsing relationship: /xl/worksheets/_rels/sheet1.xml.rels
13:20:44.734 [main] DEBUG - Parsing relationship: /_rels/.rels
13:20:44.744 [main] DEBUG - using default POIXMLDocumentPart for http://schemas.openxmlformats.org/officeDocument/2006/relationships/printerSettings
13:20:58.146 [main] INFO  - Goto my account-->Click on Login.. 
13:20:58.525 [main] DEBUG - Parsing relationship: /xl/_rels/workbook.xml.rels
13:20:58.533 [main] DEBUG - Parsing relationship: /xl/worksheets/_rels/sheet1.xml.rels
13:20:58.536 [main] DEBUG - Parsing relationship: /_rels/.rels
13:20:58.551 [main] DEBUG - using default POIXMLDocumentPart for http://schemas.openxmlformats.org/officeDocument/2006/relationships/printerSettings
13:30:33.940 [main] INFO  - Goto my account-->Click on Login.. 
13:30:34.531 [main] DEBUG - Parsing relationship: /xl/_rels/workbook.xml.rels
13:30:34.536 [main] DEBUG - Parsing relationship: /xl/worksheets/_rels/sheet1.xml.rels
13:30:34.540 [main] DEBUG - Parsing relationship: /_rels/.rels
13:30:34.751 [main] TRACE - Loading type system org.apache.poi.schemas.ooxml.system.ooxml
13:30:34.761 [main] TRACE - Loading type system org.apache.xmlbeans.metadata.system.sXMLCONFIG
13:30:34.762 [main] TRACE - Loading type system org.apache.xmlbeans.metadata.system.sXMLLANG
13:30:34.762 [main] TRACE - Loading type system org.apache.xmlbeans.metadata.system.sXMLSCHEMA
13:30:34.763 [main] TRACE - Loading type system org.apache.xmlbeans.metadata.system.sXMLTOOLS
13:30:34.764 [main] TRACE - Reading unresolved handles for type system org.apache.xmlbeans.metadata.system.sXMLTOOLS
13:30:34.799 [main] TRACE - Finished loading type system org.apache.xmlbeans.metadata.system.sXMLTOOLS
13:30:34.800 [main] TRACE - Reading unresolved handles for type system org.apache.xmlbeans.metadata.system.sXMLSCHEMA
13:30:34.810 [main] TRACE - Finished loading type system org.apache.xmlbeans.metadata.system.sXMLSCHEMA
13:30:34.812 [main] TRACE - Reading unresolved handles for type system org.apache.xmlbeans.metadata.system.sXMLLANG
13:30:34.814 [main] TRACE - Finished loading type system org.apache.xmlbeans.metadata.system.sXMLLANG
13:30:34.815 [main] TRACE - Reading unresolved handles for type system org.apache.xmlbeans.metadata.system.sXMLCONFIG
13:30:34.816 [main] TRACE - Finished loading type system org.apache.xmlbeans.metadata.system.sXMLCONFIG
13:30:34.817 [main] TRACE - Reading unresolved handles for type system org.apache.poi.schemas.ooxml.system.ooxml
13:30:34.870 [main] TRACE - Finished loading type system org.apache.poi.schemas.ooxml.system.ooxml
13:30:34.871 [main] TRACE - Resolving type for handle themefd26doctype
13:30:34.927 [main] TRACE - Resolving type for handle stylesheet5d8bdoctype
13:30:34.933 [main] TRACE - Resolving type for handle ctstylesheet4257type
13:30:34.938 [main] TRACE - Resolving type for handle ctfonts6623type
13:30:34.941 [main] TRACE - Resolving type for handle ctfont14d8type
13:30:34.947 [main] TRACE - Resolving type for handle ctfills2c6ftype
13:30:34.950 [main] TRACE - Resolving type for handle ctfill550ctype
13:30:34.952 [main] TRACE - Resolving type for handle ctborders0d66type
13:30:34.954 [main] TRACE - Resolving type for handle ctborderf935type
13:30:34.957 [main] TRACE - Resolving type for handle ctcellxfs1322type
13:30:34.961 [main] TRACE - Resolving type for handle ctxf97f7type
13:30:34.965 [main] TRACE - Resolving type for handle ctcellstylexfsa81ftype
13:30:34.968 [main] TRACE - Resolving type for handle ctdxfsb26atype
13:30:34.971 [main] TRACE - Resolving type for handle cttablestyles872ftype
13:30:34.973 [main] TRACE - Resolving type for handle sstf81fdoctype
13:30:34.977 [main] TRACE - Resolving type for handle ctsst44f3type
13:30:34.983 [main] TRACE - Resolving type for handle ctrsta472type
13:30:35.010 [main] DEBUG - using default POIXMLDocumentPart for http://schemas.openxmlformats.org/officeDocument/2006/relationships/printerSettings
13:30:35.012 [main] TRACE - Resolving type for handle workbookec17doctype
13:30:35.023 [main] TRACE - Resolving type for handle ctworkbook83c3type
13:30:35.028 [main] TRACE - Resolving type for handle ctsheets49fdtype
13:30:35.030 [main] TRACE - Resolving type for handle ctsheet4dbetype
13:30:35.033 [main] TRACE - Resolving type for handle strelationshipid1e94type
13:30:35.036 [main] TRACE - Resolving type for handle worksheetf539doctype
13:30:35.044 [main] TRACE - Resolving type for handle ctworksheet530dtype
13:30:35.049 [main] TRACE - Resolving type for handle ctsheetdata8408type
13:30:35.052 [main] TRACE - Resolving type for handle ctrowdd39type
13:30:35.057 [main] TRACE - Resolving type for handle ctcell842btype
13:30:35.062 [main] TRACE - Resolving type for handle stcellrefe4e0type
13:30:35.069 [main] TRACE - Resolving type for handle ctcols627ctype
13:30:35.074 [main] TRACE - Resolving type for handle ctcola95ftype
13:30:35.088 [main] TRACE - Resolving type for handle cthyperlinks6416type
13:30:35.090 [main] TRACE - Resolving type for handle cthyperlink0c85type
13:30:35.096 [main] TRACE - Resolving type for handle stxstringf179type
13:30:35.098 [main] TRACE - Resolving type for handle stcelltypebf95type
13:30:39.258 [main] INFO  - Goto my account-->Click on Login.. 
13:30:40.043 [main] DEBUG - Parsing relationship: /xl/_rels/workbook.xml.rels
13:30:40.045 [main] DEBUG - Parsing relationship: /xl/worksheets/_rels/sheet1.xml.rels
13:30:40.049 [main] DEBUG - Parsing relationship: /_rels/.rels
13:30:40.099 [main] DEBUG - using default POIXMLDocumentPart for http://schemas.openxmlformats.org/officeDocument/2006/relationships/printerSettings
13:30:44.374 [main] INFO  - Goto my account-->Click on Login.. 
13:30:45.105 [main] DEBUG - Parsing relationship: /xl/_rels/workbook.xml.rels
13:30:45.105 [main] DEBUG - Parsing relationship: /xl/worksheets/_rels/sheet1.xml.rels
13:30:45.106 [main] DEBUG - Parsing relationship: /_rels/.rels
13:30:45.135 [main] DEBUG - using default POIXMLDocumentPart for http://schemas.openxmlformats.org/officeDocument/2006/relationships/printerSettings
13:30:49.048 [main] INFO  - Goto my account-->Click on Login.. 
13:30:49.842 [main] DEBUG - Parsing relationship: /xl/_rels/workbook.xml.rels
13:30:49.844 [main] DEBUG - Parsing relationship: /xl/worksheets/_rels/sheet1.xml.rels
13:30:49.845 [main] DEBUG - Parsing relationship: /_rels/.rels
13:30:49.856 [main] DEBUG - using default POIXMLDocumentPart for http://schemas.openxmlformats.org/officeDocument/2006/relationships/printerSettings
13:31:03.245 [main] INFO  - Goto my account-->Click on Login.. 
13:31:03.817 [main] DEBUG - Parsing relationship: /xl/_rels/workbook.xml.rels
13:31:03.820 [main] DEBUG - Parsing relationship: /xl/worksheets/_rels/sheet1.xml.rels
13:31:03.823 [main] DEBUG - Parsing relationship: /_rels/.rels
13:31:03.846 [main] DEBUG - using default POIXMLDocumentPart for http://schemas.openxmlformats.org/officeDocument/2006/relationships/printerSettings
14:24:05.466 [main] INFO  - Goto my account-->Click on Login.. 
14:24:05.963 [main] DEBUG - Parsing relationship: /xl/_rels/workbook.xml.rels
14:24:05.967 [main] DEBUG - Parsing relationship: /xl/worksheets/_rels/sheet1.xml.rels
14:24:05.971 [main] DEBUG - Parsing relationship: /_rels/.rels
14:24:06.132 [main] TRACE - Loading type system org.apache.poi.schemas.ooxml.system.ooxml
14:24:06.134 [main] TRACE - Loading type system org.apache.xmlbeans.metadata.system.sXMLCONFIG
14:24:06.135 [main] TRACE - Loading type system org.apache.xmlbeans.metadata.system.sXMLLANG
14:24:06.135 [main] TRACE - Loading type system org.apache.xmlbeans.metadata.system.sXMLSCHEMA
14:24:06.135 [main] TRACE - Loading type system org.apache.xmlbeans.metadata.system.sXMLTOOLS
14:24:06.137 [main] TRACE - Reading unresolved handles for type system org.apache.xmlbeans.metadata.system.sXMLTOOLS
14:24:06.149 [main] TRACE - Finished loading type system org.apache.xmlbeans.metadata.system.sXMLTOOLS
14:24:06.149 [main] TRACE - Reading unresolved handles for type system org.apache.xmlbeans.metadata.system.sXMLSCHEMA
14:24:06.154 [main] TRACE - Finished loading type system org.apache.xmlbeans.metadata.system.sXMLSCHEMA
14:24:06.155 [main] TRACE - Reading unresolved handles for type system org.apache.xmlbeans.metadata.system.sXMLLANG
14:24:06.156 [main] TRACE - Finished loading type system org.apache.xmlbeans.metadata.system.sXMLLANG
14:24:06.156 [main] TRACE - Reading unresolved handles for type system org.apache.xmlbeans.metadata.system.sXMLCONFIG
14:24:06.157 [main] TRACE - Finished loading type system org.apache.xmlbeans.metadata.system.sXMLCONFIG
14:24:06.158 [main] TRACE - Reading unresolved handles for type system org.apache.poi.schemas.ooxml.system.ooxml
14:24:06.202 [main] TRACE - Finished loading type system org.apache.poi.schemas.ooxml.system.ooxml
14:24:06.204 [main] TRACE - Resolving type for handle themefd26doctype
14:24:06.257 [main] TRACE - Resolving type for handle stylesheet5d8bdoctype
14:24:06.262 [main] TRACE - Resolving type for handle ctstylesheet4257type
14:24:06.270 [main] TRACE - Resolving type for handle ctfonts6623type
14:24:06.277 [main] TRACE - Resolving type for handle ctfont14d8type
14:24:06.284 [main] TRACE - Resolving type for handle ctfills2c6ftype
14:24:06.286 [main] TRACE - Resolving type for handle ctfill550ctype
14:24:06.288 [main] TRACE - Resolving type for handle ctborders0d66type
14:24:06.291 [main] TRACE - Resolving type for handle ctborderf935type
14:24:06.293 [main] TRACE - Resolving type for handle ctcellxfs1322type
14:24:06.296 [main] TRACE - Resolving type for handle ctxf97f7type
14:24:06.299 [main] TRACE - Resolving type for handle ctcellstylexfsa81ftype
14:24:06.300 [main] TRACE - Resolving type for handle ctdxfsb26atype
14:24:06.303 [main] TRACE - Resolving type for handle cttablestyles872ftype
14:24:06.307 [main] TRACE - Resolving type for handle sstf81fdoctype
14:24:06.310 [main] TRACE - Resolving type for handle ctsst44f3type
14:24:06.320 [main] TRACE - Resolving type for handle ctrsta472type
14:24:06.349 [main] DEBUG - using default POIXMLDocumentPart for http://schemas.openxmlformats.org/officeDocument/2006/relationships/printerSettings
14:24:06.350 [main] TRACE - Resolving type for handle workbookec17doctype
14:24:06.365 [main] TRACE - Resolving type for handle ctworkbook83c3type
14:24:06.370 [main] TRACE - Resolving type for handle ctsheets49fdtype
14:24:06.371 [main] TRACE - Resolving type for handle ctsheet4dbetype
14:24:06.373 [main] TRACE - Resolving type for handle strelationshipid1e94type
14:24:06.376 [main] TRACE - Resolving type for handle worksheetf539doctype
14:24:06.383 [main] TRACE - Resolving type for handle ctworksheet530dtype
14:24:06.392 [main] TRACE - Resolving type for handle ctsheetdata8408type
14:24:06.395 [main] TRACE - Resolving type for handle ctrowdd39type
14:24:06.399 [main] TRACE - Resolving type for handle ctcell842btype
14:24:06.405 [main] TRACE - Resolving type for handle stcellrefe4e0type
14:24:06.414 [main] TRACE - Resolving type for handle ctcols627ctype
14:24:06.418 [main] TRACE - Resolving type for handle ctcola95ftype
14:24:06.433 [main] TRACE - Resolving type for handle cthyperlinks6416type
14:24:06.436 [main] TRACE - Resolving type for handle cthyperlink0c85type
14:24:06.444 [main] TRACE - Resolving type for handle stxstringf179type
14:24:06.446 [main] TRACE - Resolving type for handle stcelltypebf95type
14:33:20.343 [main] INFO  - Goto my account-->Click on Login.. 
14:33:20.901 [main] DEBUG - Parsing relationship: /xl/_rels/workbook.xml.rels
14:33:20.906 [main] DEBUG - Parsing relationship: /xl/worksheets/_rels/sheet1.xml.rels
14:33:20.910 [main] DEBUG - Parsing relationship: /_rels/.rels
14:33:21.256 [main] TRACE - Loading type system org.apache.poi.schemas.ooxml.system.ooxml
14:33:21.259 [main] TRACE - Loading type system org.apache.xmlbeans.metadata.system.sXMLCONFIG
14:33:21.260 [main] TRACE - Loading type system org.apache.xmlbeans.metadata.system.sXMLLANG
14:33:21.261 [main] TRACE - Loading type system org.apache.xmlbeans.metadata.system.sXMLSCHEMA
14:33:21.262 [main] TRACE - Loading type system org.apache.xmlbeans.metadata.system.sXMLTOOLS
14:33:21.263 [main] TRACE - Reading unresolved handles for type system org.apache.xmlbeans.metadata.system.sXMLTOOLS
14:33:21.287 [main] TRACE - Finished loading type system org.apache.xmlbeans.metadata.system.sXMLTOOLS
14:33:21.288 [main] TRACE - Reading unresolved handles for type system org.apache.xmlbeans.metadata.system.sXMLSCHEMA
14:33:21.298 [main] TRACE - Finished loading type system org.apache.xmlbeans.metadata.system.sXMLSCHEMA
14:33:21.300 [main] TRACE - Reading unresolved handles for type system org.apache.xmlbeans.metadata.system.sXMLLANG
14:33:21.302 [main] TRACE - Finished loading type system org.apache.xmlbeans.metadata.system.sXMLLANG
14:33:21.304 [main] TRACE - Reading unresolved handles for type system org.apache.xmlbeans.metadata.system.sXMLCONFIG
14:33:21.306 [main] TRACE - Finished loading type system org.apache.xmlbeans.metadata.system.sXMLCONFIG
14:33:21.307 [main] TRACE - Reading unresolved handles for type system org.apache.poi.schemas.ooxml.system.ooxml
14:33:21.388 [main] TRACE - Finished loading type system org.apache.poi.schemas.ooxml.system.ooxml
14:33:21.389 [main] TRACE - Resolving type for handle themefd26doctype
14:33:21.497 [main] TRACE - Resolving type for handle stylesheet5d8bdoctype
14:33:21.510 [main] TRACE - Resolving type for handle ctstylesheet4257type
14:33:21.519 [main] TRACE - Resolving type for handle ctfonts6623type
14:33:21.525 [main] TRACE - Resolving type for handle ctfont14d8type
14:33:21.533 [main] TRACE - Resolving type for handle ctfills2c6ftype
14:33:21.538 [main] TRACE - Resolving type for handle ctfill550ctype
14:33:21.542 [main] TRACE - Resolving type for handle ctborders0d66type
14:33:21.548 [main] TRACE - Resolving type for handle ctborderf935type
14:33:21.554 [main] TRACE - Resolving type for handle ctcellxfs1322type
14:33:21.559 [main] TRACE - Resolving type for handle ctxf97f7type
14:33:21.563 [main] TRACE - Resolving type for handle ctcellstylexfsa81ftype
14:33:21.566 [main] TRACE - Resolving type for handle ctdxfsb26atype
14:33:21.571 [main] TRACE - Resolving type for handle cttablestyles872ftype
14:33:21.576 [main] TRACE - Resolving type for handle sstf81fdoctype
14:33:21.594 [main] TRACE - Resolving type for handle ctsst44f3type
14:33:21.607 [main] TRACE - Resolving type for handle ctrsta472type
14:33:21.643 [main] DEBUG - using default POIXMLDocumentPart for http://schemas.openxmlformats.org/officeDocument/2006/relationships/printerSettings
14:33:21.644 [main] TRACE - Resolving type for handle workbookec17doctype
14:33:21.655 [main] TRACE - Resolving type for handle ctworkbook83c3type
14:33:21.670 [main] TRACE - Resolving type for handle ctsheets49fdtype
14:33:21.674 [main] TRACE - Resolving type for handle ctsheet4dbetype
14:33:21.677 [main] TRACE - Resolving type for handle strelationshipid1e94type
14:33:21.680 [main] TRACE - Resolving type for handle worksheetf539doctype
14:33:21.714 [main] TRACE - Resolving type for handle ctworksheet530dtype
14:33:21.732 [main] TRACE - Resolving type for handle ctsheetdata8408type
14:33:21.737 [main] TRACE - Resolving type for handle ctrowdd39type
14:33:21.748 [main] TRACE - Resolving type for handle ctcell842btype
14:33:21.756 [main] TRACE - Resolving type for handle stcellrefe4e0type
14:33:21.768 [main] TRACE - Resolving type for handle ctcols627ctype
14:33:21.779 [main] TRACE - Resolving type for handle ctcola95ftype
14:33:21.810 [main] TRACE - Resolving type for handle cthyperlinks6416type
14:33:21.813 [main] TRACE - Resolving type for handle cthyperlink0c85type
14:33:21.822 [main] TRACE - Resolving type for handle stxstringf179type
14:33:21.826 [main] TRACE - Resolving type for handle stcelltypebf95type
14:33:26.213 [main] INFO  - Goto my account-->Click on Login.. 
14:33:26.600 [main] DEBUG - Parsing relationship: /xl/_rels/workbook.xml.rels
14:33:26.604 [main] DEBUG - Parsing relationship: /xl/worksheets/_rels/sheet1.xml.rels
14:33:26.605 [main] DEBUG - Parsing relationship: /_rels/.rels
14:33:26.674 [main] DEBUG - using default POIXMLDocumentPart for http://schemas.openxmlformats.org/officeDocument/2006/relationships/printerSettings
14:33:30.399 [main] INFO  - Goto my account-->Click on Login.. 
14:33:31.012 [main] DEBUG - Parsing relationship: /xl/_rels/workbook.xml.rels
14:33:31.013 [main] DEBUG - Parsing relationship: /xl/worksheets/_rels/sheet1.xml.rels
14:33:31.016 [main] DEBUG - Parsing relationship: /_rels/.rels
14:33:31.042 [main] DEBUG - using default POIXMLDocumentPart for http://schemas.openxmlformats.org/officeDocument/2006/relationships/printerSettings
14:33:34.822 [main] INFO  - Goto my account-->Click on Login.. 
14:33:35.442 [main] DEBUG - Parsing relationship: /xl/_rels/workbook.xml.rels
14:33:35.443 [main] DEBUG - Parsing relationship: /xl/worksheets/_rels/sheet1.xml.rels
14:33:35.444 [main] DEBUG - Parsing relationship: /_rels/.rels
14:33:35.467 [main] DEBUG - using default POIXMLDocumentPart for http://schemas.openxmlformats.org/officeDocument/2006/relationships/printerSettings
14:33:49.856 [main] INFO  - Goto my account-->Click on Login.. 
14:33:50.290 [main] DEBUG - Parsing relationship: /xl/_rels/workbook.xml.rels
14:33:50.291 [main] DEBUG - Parsing relationship: /xl/worksheets/_rels/sheet1.xml.rels
14:33:50.293 [main] DEBUG - Parsing relationship: /_rels/.rels
14:33:50.309 [main] DEBUG - using default POIXMLDocumentPart for http://schemas.openxmlformats.org/officeDocument/2006/relationships/printerSettings
16:36:42.928 [main] INFO  - Goto my account-->Click on Login.. 
16:36:43.328 [main] INFO  - Entering email and password.. 
16:36:44.318 [main] INFO  - clicked on login button...
16:36:46.943 [main] INFO  - Goto my account-->Click on Login.. 
16:36:47.537 [main] INFO  - Entering email and password.. 
16:36:48.283 [main] INFO  - clicked on login button...
16:36:50.577 [main] INFO  - Goto my account-->Click on Login.. 
16:36:51.145 [main] INFO  - Entering email and password.. 
16:36:51.717 [main] INFO  - clicked on login button...
16:38:26.300 [main] INFO  - Goto my account-->Click on Login.. 
16:38:26.635 [main] INFO  - Entering email and password.. 
16:38:27.444 [main] INFO  - clicked on login button...
16:38:29.856 [main] INFO  - Goto my account-->Click on Login.. 
16:38:30.515 [main] INFO  - Entering email and password.. 
16:38:31.211 [main] INFO  - clicked on login button...
16:38:33.507 [main] INFO  - Goto my account-->Click on Login.. 
16:38:34.121 [main] INFO  - Entering email and password.. 
16:38:34.706 [main] INFO  - clicked on login button...
16:41:50.605 [main] INFO  - Goto my account-->Click on Login.. 
16:41:50.944 [main] INFO  - Entering email and password.. 
16:41:51.833 [main] INFO  - clicked on login button...
16:41:55.436 [main] INFO  - Goto my account-->Click on Login.. 
16:41:55.747 [main] INFO  - Entering email and password.. 
16:41:56.492 [main] INFO  - clicked on login button...
16:41:58.757 [main] INFO  - Goto my account-->Click on Login.. 
16:41:59.338 [main] INFO  - Entering email and password.. 
16:41:59.948 [main] INFO  - clicked on login button...
16:45:26.373 [main] INFO  - Goto my account-->Click on Login.. 
16:45:26.819 [main] DEBUG - Parsing relationship: /xl/_rels/workbook.xml.rels
16:45:26.822 [main] DEBUG - Parsing relationship: /xl/worksheets/_rels/sheet1.xml.rels
16:45:26.824 [main] DEBUG - Parsing relationship: /_rels/.rels
16:45:26.969 [main] TRACE - Loading type system org.apache.poi.schemas.ooxml.system.ooxml
16:45:26.970 [main] TRACE - Loading type system org.apache.xmlbeans.metadata.system.sXMLCONFIG
16:45:26.971 [main] TRACE - Loading type system org.apache.xmlbeans.metadata.system.sXMLLANG
16:45:26.971 [main] TRACE - Loading type system org.apache.xmlbeans.metadata.system.sXMLSCHEMA
16:45:26.972 [main] TRACE - Loading type system org.apache.xmlbeans.metadata.system.sXMLTOOLS
16:45:26.972 [main] TRACE - Reading unresolved handles for type system org.apache.xmlbeans.metadata.system.sXMLTOOLS
16:45:26.989 [main] TRACE - Finished loading type system org.apache.xmlbeans.metadata.system.sXMLTOOLS
16:45:26.990 [main] TRACE - Reading unresolved handles for type system org.apache.xmlbeans.metadata.system.sXMLSCHEMA
16:45:26.999 [main] TRACE - Finished loading type system org.apache.xmlbeans.metadata.system.sXMLSCHEMA
16:45:27.001 [main] TRACE - Reading unresolved handles for type system org.apache.xmlbeans.metadata.system.sXMLLANG
16:45:27.002 [main] TRACE - Finished loading type system org.apache.xmlbeans.metadata.system.sXMLLANG
16:45:27.004 [main] TRACE - Reading unresolved handles for type system org.apache.xmlbeans.metadata.system.sXMLCONFIG
16:45:27.005 [main] TRACE - Finished loading type system org.apache.xmlbeans.metadata.system.sXMLCONFIG
16:45:27.006 [main] TRACE - Reading unresolved handles for type system org.apache.poi.schemas.ooxml.system.ooxml
16:45:27.059 [main] TRACE - Finished loading type system org.apache.poi.schemas.ooxml.system.ooxml
16:45:27.060 [main] TRACE - Resolving type for handle themefd26doctype
16:45:27.111 [main] TRACE - Resolving type for handle stylesheet5d8bdoctype
16:45:27.115 [main] TRACE - Resolving type for handle ctstylesheet4257type
16:45:27.118 [main] TRACE - Resolving type for handle ctfonts6623type
16:45:27.122 [main] TRACE - Resolving type for handle ctfont14d8type
16:45:27.125 [main] TRACE - Resolving type for handle ctfills2c6ftype
16:45:27.128 [main] TRACE - Resolving type for handle ctfill550ctype
16:45:27.129 [main] TRACE - Resolving type for handle ctborders0d66type
16:45:27.132 [main] TRACE - Resolving type for handle ctborderf935type
16:45:27.136 [main] TRACE - Resolving type for handle ctcellxfs1322type
16:45:27.139 [main] TRACE - Resolving type for handle ctxf97f7type
16:45:27.142 [main] TRACE - Resolving type for handle ctcellstylexfsa81ftype
16:45:27.144 [main] TRACE - Resolving type for handle ctdxfsb26atype
16:45:27.146 [main] TRACE - Resolving type for handle cttablestyles872ftype
16:45:27.150 [main] TRACE - Resolving type for handle sstf81fdoctype
16:45:27.154 [main] TRACE - Resolving type for handle ctsst44f3type
16:45:27.162 [main] TRACE - Resolving type for handle ctrsta472type
16:45:27.189 [main] DEBUG - using default POIXMLDocumentPart for http://schemas.openxmlformats.org/officeDocument/2006/relationships/printerSettings
16:45:27.190 [main] TRACE - Resolving type for handle workbookec17doctype
16:45:27.208 [main] TRACE - Resolving type for handle ctworkbook83c3type
16:45:27.214 [main] TRACE - Resolving type for handle ctsheets49fdtype
16:45:27.216 [main] TRACE - Resolving type for handle ctsheet4dbetype
16:45:27.219 [main] TRACE - Resolving type for handle strelationshipid1e94type
16:45:27.222 [main] TRACE - Resolving type for handle worksheetf539doctype
16:45:27.228 [main] TRACE - Resolving type for handle ctworksheet530dtype
16:45:27.233 [main] TRACE - Resolving type for handle ctsheetdata8408type
16:45:27.236 [main] TRACE - Resolving type for handle ctrowdd39type
16:45:27.239 [main] TRACE - Resolving type for handle ctcell842btype
16:45:27.244 [main] TRACE - Resolving type for handle stcellrefe4e0type
16:45:27.251 [main] TRACE - Resolving type for handle ctcols627ctype
16:45:27.255 [main] TRACE - Resolving type for handle ctcola95ftype
16:45:27.270 [main] TRACE - Resolving type for handle cthyperlinks6416type
16:45:27.272 [main] TRACE - Resolving type for handle cthyperlink0c85type
16:45:27.278 [main] TRACE - Resolving type for handle stxstringf179type
16:45:27.281 [main] TRACE - Resolving type for handle stcelltypebf95type
16:45:30.916 [main] INFO  - Goto my account-->Click on Login.. 
16:45:31.504 [main] DEBUG - Parsing relationship: /xl/_rels/workbook.xml.rels
16:45:31.506 [main] DEBUG - Parsing relationship: /xl/worksheets/_rels/sheet1.xml.rels
16:45:31.507 [main] DEBUG - Parsing relationship: /_rels/.rels
16:45:31.558 [main] DEBUG - using default POIXMLDocumentPart for http://schemas.openxmlformats.org/officeDocument/2006/relationships/printerSettings
16:45:35.162 [main] INFO  - Goto my account-->Click on Login.. 
16:45:35.741 [main] DEBUG - Parsing relationship: /xl/_rels/workbook.xml.rels
16:45:35.742 [main] DEBUG - Parsing relationship: /xl/worksheets/_rels/sheet1.xml.rels
16:45:35.743 [main] DEBUG - Parsing relationship: /_rels/.rels
16:45:35.755 [main] DEBUG - using default POIXMLDocumentPart for http://schemas.openxmlformats.org/officeDocument/2006/relationships/printerSettings
16:45:39.208 [main] INFO  - Goto my account-->Click on Login.. 
16:45:39.838 [main] DEBUG - Parsing relationship: /xl/_rels/workbook.xml.rels
16:45:39.839 [main] DEBUG - Parsing relationship: /xl/worksheets/_rels/sheet1.xml.rels
16:45:39.840 [main] DEBUG - Parsing relationship: /_rels/.rels
16:45:39.849 [main] DEBUG - using default POIXMLDocumentPart for http://schemas.openxmlformats.org/officeDocument/2006/relationships/printerSettings
16:45:53.339 [main] INFO  - Goto my account-->Click on Login.. 
16:45:53.884 [main] DEBUG - Parsing relationship: /xl/_rels/workbook.xml.rels
16:45:53.886 [main] DEBUG - Parsing relationship: /xl/worksheets/_rels/sheet1.xml.rels
16:45:53.887 [main] DEBUG - Parsing relationship: /_rels/.rels
16:45:53.908 [main] DEBUG - using default POIXMLDocumentPart for http://schemas.openxmlformats.org/officeDocument/2006/relationships/printerSettings
16:48:17.662 [main] INFO  - Goto my account-->Click on Login.. 
16:48:17.970 [main] INFO  - Entering email and password.. 
16:48:18.704 [main] INFO  - clicked on login button...
16:49:32.197 [main] INFO  - Goto my account-->Click on Login.. 
16:49:32.541 [main] INFO  - Entering email and password.. 
16:49:33.278 [main] INFO  - clicked on login button...
